d:\buildslave\rel\pmmod\src\gameui\release\vc120.pdb
d:\buildslave\rel\pmmod\src\gameui\release\pointeroverride.obj
d:\buildslave\rel\pmmod\src\gameui\gameui.vpc.sentinel
d:\buildslave\rel\pmmod\src\gameui\release\gameui.lib
d:\buildslave\rel\pmmod\src\gameui\release\gameui.exp
d:\buildslave\rel\pmmod\src\gameui\release\gameui.dll
d:\buildslave\rel\pmmod\src\gameui\release\gameui.pdb
d:\buildslave\rel\pmmod\src\gameui\release\achievementsdialog.obj
d:\buildslave\rel\pmmod\src\gameui\release\backgroundmenubutton.obj
d:\buildslave\rel\pmmod\src\gameui\release\basedialog.obj
d:\buildslave\rel\pmmod\src\gameui\release\basepanel.obj
d:\buildslave\rel\pmmod\src\gameui\release\basesavegamedialog.obj
d:\buildslave\rel\pmmod\src\gameui\release\benchmarkdialog.obj
d:\buildslave\rel\pmmod\src\gameui\release\bitmapimagepanel.obj
d:\buildslave\rel\pmmod\src\gameui\release\bonusmapsdatabase.obj
d:\buildslave\rel\pmmod\src\gameui\release\bonusmapsdialog.obj
d:\buildslave\rel\pmmod\src\gameui\release\changegamedialog.obj
d:\buildslave\rel\pmmod\src\gameui\release\commandcheckbutton.obj
d:\buildslave\rel\pmmod\src\gameui\release\commentarydialog.obj
d:\buildslave\rel\pmmod\src\gameui\release\commentaryexplanationdialog.obj
d:\buildslave\rel\pmmod\src\gameui\release\contentcontroldialog.obj
d:\buildslave\rel\pmmod\src\gameui\release\controllerdialog.obj
d:\buildslave\rel\pmmod\src\gameui\release\createmultiplayergamebotpage.obj
d:\buildslave\rel\pmmod\src\gameui\release\createmultiplayergamedialog.obj
d:\buildslave\rel\pmmod\src\gameui\release\createmultiplayergamegameplaypage.obj
d:\buildslave\rel\pmmod\src\gameui\release\createmultiplayergameserverpage.obj
d:\buildslave\rel\pmmod\src\gameui\release\customtabexplanationdialog.obj
d:\buildslave\rel\pmmod\src\gameui\release\cvarnegatecheckbutton.obj
d:\buildslave\rel\pmmod\src\gameui\release\cvarslider.obj
d:\buildslave\rel\pmmod\src\gameui\release\cvartextentry.obj
d:\buildslave\rel\pmmod\src\gameui\release\cvartogglecheckbutton.obj
d:\buildslave\rel\pmmod\src\gameui\release\dialogmenu.obj
d:\buildslave\rel\pmmod\src\gameui\release\gameconsole.obj
d:\buildslave\rel\pmmod\src\gameui\release\gameconsoledialog.obj
d:\buildslave\rel\pmmod\src\gameui\release\gameui_interface.obj
d:\buildslave\rel\pmmod\src\gameui\release\gameui_util.obj
d:\buildslave\rel\pmmod\src\gameui\release\hapticcontrolbox.obj
d:\buildslave\rel\pmmod\src\gameui\release\imageutils.obj
d:\buildslave\rel\pmmod\src\gameui\release\keytogglecheckbutton.obj
d:\buildslave\rel\pmmod\src\gameui\release\labeledcommandcombobox.obj
d:\buildslave\rel\pmmod\src\gameui\release\language.obj
d:\buildslave\rel\pmmod\src\gameui\release\leaderboarddialog.obj
d:\buildslave\rel\pmmod\src\gameui\release\loadcommentarydialog.obj
d:\buildslave\rel\pmmod\src\gameui\release\loadgamedialog.obj
d:\buildslave\rel\pmmod\src\gameui\release\loadgamedialog_xbox.obj
d:\buildslave\rel\pmmod\src\gameui\release\loadingdialog.obj
d:\buildslave\rel\pmmod\src\gameui\release\logofile.obj
d:\buildslave\rel\pmmod\src\gameui\release\matchmakingbasepanel.obj
d:\buildslave\rel\pmmod\src\gameui\release\memoverride.obj
d:\buildslave\rel\pmmod\src\gameui\release\modinfo.obj
d:\buildslave\rel\pmmod\src\gameui\release\mousemessageforwardingpanel.obj
d:\buildslave\rel\pmmod\src\gameui\release\msgbuffer.obj
d:\buildslave\rel\pmmod\src\gameui\release\multiplayeradvanceddialog.obj
d:\buildslave\rel\pmmod\src\gameui\release\netapi.obj
d:\buildslave\rel\pmmod\src\gameui\release\newgamedialog.obj
d:\buildslave\rel\pmmod\src\gameui\release\objectlist.obj
d:\buildslave\rel\pmmod\src\gameui\release\optionsdialog.obj
d:\buildslave\rel\pmmod\src\gameui\release\optionsdialog_xbox.obj
d:\buildslave\rel\pmmod\src\gameui\release\optionssubaudio.obj
d:\buildslave\rel\pmmod\src\gameui\release\optionssubdifficulty.obj
d:\buildslave\rel\pmmod\src\gameui\release\optionssubgame.obj
d:\buildslave\rel\pmmod\src\gameui\release\optionssubhaptics.obj
d:\buildslave\rel\pmmod\src\gameui\release\optionssubkeyboard.obj
d:\buildslave\rel\pmmod\src\gameui\release\optionssubmouse.obj
d:\buildslave\rel\pmmod\src\gameui\release\optionssubmultiplayer.obj
d:\buildslave\rel\pmmod\src\gameui\release\optionssubportal.obj
d:\buildslave\rel\pmmod\src\gameui\release\optionssubvideo.obj
d:\buildslave\rel\pmmod\src\gameui\release\optionssubvoice.obj
d:\buildslave\rel\pmmod\src\gameui\release\panellistpanel.obj
d:\buildslave\rel\pmmod\src\gameui\release\pausedialog.obj
d:\buildslave\rel\pmmod\src\gameui\release\playerlistdialog.obj
d:\buildslave\rel\pmmod\src\gameui\release\rungameengine.obj
d:\buildslave\rel\pmmod\src\gameui\release\savegamebrowserdialog.obj
d:\buildslave\rel\pmmod\src\gameui\release\savegamedialog.obj
d:\buildslave\rel\pmmod\src\gameui\release\savegamedialog_xbox.obj
d:\buildslave\rel\pmmod\src\gameui\release\scriptobject.obj
d:\buildslave\rel\pmmod\src\gameui\release\sessionbrowserdialog.obj
d:\buildslave\rel\pmmod\src\gameui\release\sessionlobbydialog.obj
d:\buildslave\rel\pmmod\src\gameui\release\sessionoptionsdialog.obj
d:\buildslave\rel\pmmod\src\gameui\release\socket.obj
d:\buildslave\rel\pmmod\src\gameui\release\sys_utils.obj
d:\buildslave\rel\pmmod\src\gameui\release\textentrybox.obj
d:\buildslave\rel\pmmod\src\gameui\release\tgaimagepanel.obj
d:\buildslave\rel\pmmod\src\gameui\release\urlbutton.obj
d:\buildslave\rel\pmmod\src\gameui\release\vcontrolslistpanel.obj
d:\buildslave\rel\pmmod\src\gameui\release\vguisystemmoduleloader.obj
d:\buildslave\rel\pmmod\src\gameui\release\vgui_controls.obj
d:\buildslave\rel\pmmod\src\gameui\release\welcomedialog.obj
d:\buildslave\rel\pmmod\src\gameui\.\release\.\gameui.dll
d:\buildslave\rel\pmmod\src\gameui\release\gameui.tlog\cl.command.1.tlog
d:\buildslave\rel\pmmod\src\gameui\release\gameui.tlog\cl.read.1.tlog
d:\buildslave\rel\pmmod\src\gameui\release\gameui.tlog\cl.write.1.tlog
d:\buildslave\rel\pmmod\src\gameui\release\gameui.tlog\custombuild.command.1.tlog
d:\buildslave\rel\pmmod\src\gameui\release\gameui.tlog\custombuild.read.1.tlog
d:\buildslave\rel\pmmod\src\gameui\release\gameui.tlog\custombuild.write.1.tlog
d:\buildslave\rel\pmmod\src\gameui\release\gameui.tlog\gameui.write.1u.tlog
d:\buildslave\rel\pmmod\src\gameui\release\gameui.tlog\link.command.1.tlog
d:\buildslave\rel\pmmod\src\gameui\release\gameui.tlog\link.read.1.tlog
d:\buildslave\rel\pmmod\src\gameui\release\gameui.tlog\link.write.1.tlog
