d:\projects\source-sdk-2013-master\sp\src\launcher\release\vc120.pdb
d:\projects\source-sdk-2013-master\sp\src\launcher\release\pointeroverride.obj
d:\projects\source-sdk-2013-master\sp\src\launcher\launcher.vpc.sentinel
d:\projects\source-sdk-2013-master\sp\src\launcher\release\launcher.lib
d:\projects\source-sdk-2013-master\sp\src\launcher\release\launcher.exp
d:\projects\source-sdk-2013-master\sp\src\launcher\release\launcher.dll
d:\projects\source-sdk-2013-master\sp\src\launcher\release\launcher.pdb
d:\projects\source-sdk-2013-master\sp\src\launcher\release\filesystem_init.obj
d:\projects\source-sdk-2013-master\sp\src\launcher\release\launcher.obj
d:\projects\source-sdk-2013-master\sp\src\launcher\release\memoverride.obj
d:\projects\source-sdk-2013-master\sp\src\launcher\release\reslistgenerator.obj
d:\projects\source-sdk-2013-master\sp\src\launcher\.\release\.\launcher.dll
d:\projects\source-sdk-2013-master\sp\src\launcher\release\launcher.tlog\cl.command.1.tlog
d:\projects\source-sdk-2013-master\sp\src\launcher\release\launcher.tlog\cl.read.1.tlog
d:\projects\source-sdk-2013-master\sp\src\launcher\release\launcher.tlog\cl.write.1.tlog
d:\projects\source-sdk-2013-master\sp\src\launcher\release\launcher.tlog\custombuild.command.1.tlog
d:\projects\source-sdk-2013-master\sp\src\launcher\release\launcher.tlog\custombuild.read.1.tlog
d:\projects\source-sdk-2013-master\sp\src\launcher\release\launcher.tlog\custombuild.write.1.tlog
d:\projects\source-sdk-2013-master\sp\src\launcher\release\launcher.tlog\launcher.write.1u.tlog
d:\projects\source-sdk-2013-master\sp\src\launcher\release\launcher.tlog\link.command.1.tlog
d:\projects\source-sdk-2013-master\sp\src\launcher\release\launcher.tlog\link.read.1.tlog
d:\projects\source-sdk-2013-master\sp\src\launcher\release\launcher.tlog\link.write.1.tlog
