d:\projects\source-sdk-2013-master\sp\src\launcher_main\release\vc120.pdb
d:\projects\source-sdk-2013-master\sp\src\launcher_main\release\main.obj
d:\projects\source-sdk-2013-master\sp\src\launcher_main\release\pointeroverride.obj
d:\projects\source-sdk-2013-master\sp\src\launcher_main\launcher_main.vpc.sentinel
d:\projects\source-sdk-2013-master\sp\src\launcher_main\release\default.lib
d:\projects\source-sdk-2013-master\sp\src\launcher_main\release\default.exp
d:\projects\source-sdk-2013-master\sp\src\launcher_main\release\default.exe
d:\projects\source-sdk-2013-master\sp\src\launcher_main\release\default.pdb
d:\projects\source-sdk-2013-master\sp\src\launcher_main\release\launcher_main.res
d:\projects\source-sdk-2013-master\sp\src\launcher_main\.\release\.\default.exe
d:\projects\source-sdk-2013-master\sp\src\launcher_main\release\launcher_main.tlog\cl.command.1.tlog
d:\projects\source-sdk-2013-master\sp\src\launcher_main\release\launcher_main.tlog\cl.read.1.tlog
d:\projects\source-sdk-2013-master\sp\src\launcher_main\release\launcher_main.tlog\cl.write.1.tlog
d:\projects\source-sdk-2013-master\sp\src\launcher_main\release\launcher_main.tlog\custombuild.command.1.tlog
d:\projects\source-sdk-2013-master\sp\src\launcher_main\release\launcher_main.tlog\custombuild.read.1.tlog
d:\projects\source-sdk-2013-master\sp\src\launcher_main\release\launcher_main.tlog\custombuild.write.1.tlog
d:\projects\source-sdk-2013-master\sp\src\launcher_main\release\launcher_main.tlog\launcher_main.write.1u.tlog
d:\projects\source-sdk-2013-master\sp\src\launcher_main\release\launcher_main.tlog\link.command.1.tlog
d:\projects\source-sdk-2013-master\sp\src\launcher_main\release\launcher_main.tlog\link.read.1.tlog
d:\projects\source-sdk-2013-master\sp\src\launcher_main\release\launcher_main.tlog\link.write.1.tlog
d:\projects\source-sdk-2013-master\sp\src\launcher_main\release\launcher_main.tlog\rc.command.1.tlog
d:\projects\source-sdk-2013-master\sp\src\launcher_main\release\launcher_main.tlog\rc.read.1.tlog
d:\projects\source-sdk-2013-master\sp\src\launcher_main\release\launcher_main.tlog\rc.write.1.tlog
